<?xml version="1.0" encoding="UTF-8"?>
<!-- Generated by org.testng.reporters.JUnitReportReporter -->
<testsuite hostname="LAPTOP-NBO2FS7F" failures="0" tests="1" name="linkedin.linkedintest.test.LinkedInTest" time="19.271" errors="0" timestamp="2020-06-19T15:16:14 IST" skipped="0">
  <testcase classname="linkedin.linkedintest.test.LinkedInTest" name="LinkedIn" time="19.271"/>
  <system-out/>
</testsuite> <!-- linkedin.linkedintest.test.LinkedInTest -->
