<?xml version="1.0" encoding="UTF-8"?>
<!-- Generated by org.testng.reporters.JUnitReportReporter -->
<testsuite hostname="LAPTOP-NBO2FS7F" failures="0" tests="1" name="linkedin.linkedintest.App" time="70.225" errors="0" timestamp="2020-06-19T08:58:39 IST" skipped="0">
  <testcase classname="linkedin.linkedintest.App" name="setup" time="70.225"/>
  <system-out/>
</testsuite> <!-- linkedin.linkedintest.App -->
